Build started 13/10/2015 11:15:00 PM.
     1>Project "C:\Users\Vladimir\Desktop\Workshop4\at_home\at_home.vcxproj" on node 2 (Build target(s)).
     1>ClCompile:
         C:\Program Files (x86)\Microsoft Visual Studio 12.0\VC\bin\CL.exe /c /ZI /nologo /W3 /WX- /Od /Oy- /D WIN32 /D _DEBUG /D _CONSOLE /D _LIB /D _UNICODE /D UNICODE /Gm /EHsc /RTC1 /MDd /GS /fp:precise /Zc:wchar_t /Zc:forScope /Fo"Debug\\" /Fd"Debug\vc120.pdb" /Gd /TP /analyze- /errorReport:prompt Enrollment.cpp w4_at_home.cpp
         Enrollment.cpp
     1>c:\users\vladimir\desktop\workshop4\at_home\enrollment.cpp(28): warning C4996: 'strncpy': This function or variable may be unsafe. Consider using strncpy_s instead. To disable deprecation, use _CRT_SECURE_NO_WARNINGS. See online help for details.
                 c:\program files (x86)\microsoft visual studio 12.0\vc\include\string.h(195) : see declaration of 'strncpy'
     1>c:\users\vladimir\desktop\workshop4\at_home\enrollment.cpp(29): warning C4996: 'strncpy': This function or variable may be unsafe. Consider using strncpy_s instead. To disable deprecation, use _CRT_SECURE_NO_WARNINGS. See online help for details.
                 c:\program files (x86)\microsoft visual studio 12.0\vc\include\string.h(195) : see declaration of 'strncpy'
         Generating Code...
         Skipping... (no relevant changes detected)
         w4_at_home.cpp
       Link:
         C:\Program Files (x86)\Microsoft Visual Studio 12.0\VC\bin\link.exe /ERRORREPORT:PROMPT /OUT:"C:\Users\Vladimir\Desktop\Workshop4\at_home\Debug\at_home.exe" /INCREMENTAL /NOLOGO kernel32.lib user32.lib gdi32.lib winspool.lib comdlg32.lib advapi32.lib shell32.lib ole32.lib oleaut32.lib uuid.lib odbc32.lib odbccp32.lib /MANIFEST /MANIFESTUAC:"level='asInvoker' uiAccess='false'" /manifest:embed /DEBUG /PDB:"C:\Users\Vladimir\Desktop\Workshop4\at_home\Debug\at_home.pdb" /SUBSYSTEM:CONSOLE /TLBID:1 /DYNAMICBASE /NXCOMPAT /IMPLIB:"C:\Users\Vladimir\Desktop\Workshop4\at_home\Debug\at_home.lib" /MACHINE:X86 Debug\Enrollment.obj
         Debug\w4_at_home.obj
     1>w4_at_home.obj : error LNK2019: unresolved external symbol "public: __thiscall sict::Enrollment::Enrollment(void)" (??0Enrollment@sict@@QAE@XZ) referenced in function _main
     1>C:\Users\Vladimir\Desktop\Workshop4\at_home\Debug\at_home.exe : fatal error LNK1120: 1 unresolved externals
     1>Done Building Project "C:\Users\Vladimir\Desktop\Workshop4\at_home\at_home.vcxproj" (Build target(s)) -- FAILED.

Build FAILED.

Time Elapsed 00:00:01.14
